IQ-TREE multicore version 1.6.12 for Linux 64-bit built Mar 16 2020
Developed by Bui Quang Minh, Nguyen Lam Tung, Olga Chernomor,
Heiko Schmidt, Dominik Schrempf, Michael Woodhams.

Host:    KITT.uri.edu (AVX2, FMA3, 503 GB RAM)
Command: iqtree -nt AUTO -s /home/estrand/ITS2/SymPortal_framework/outputs/analyses/3/2020-04-01_12-26-53.145538/between_sample_distances/D/clade_D_seqs.aligned.fasta
Seed:    841814 (Using SPRNG - Scalable Parallel Random Number Generator)
Time:    Wed Apr  1 12:45:55 2020
Kernel:  AVX+FMA - auto-detect threads (80 CPU cores detected)

Reading alignment file /home/estrand/ITS2/SymPortal_framework/outputs/analyses/3/2020-04-01_12-26-53.145538/between_sample_distances/D/clade_D_seqs.aligned.fasta ... Fasta format detected
Alignment most likely contains DNA/RNA sequences
Alignment has 45 sequences with 284 columns, 42 distinct patterns
12 parsimony-informative, 14 singleton sites, 258 constant sites
      Gap/Ambiguity  Composition  p-value
   1  3585    8.10%    passed     97.18%
   2  386     8.10%    passed     96.41%
   3  3075   12.68%    passed     99.91%
   4  3082    7.39%    passed     99.38%
   5  3597    1.76%    passed     96.96%
   6  3600    8.10%    passed     99.90%
   7  3858    7.75%    passed     99.97%
   8  147     8.10%    passed     98.67%
   9  149     8.10%    passed     99.67%
  10  3100    8.10%    passed     99.89%
  11  931     8.10%    passed     99.71%
  12  1190    8.10%    passed    100.00%
  13  1833    1.76%    passed     99.99%
  14  1834    8.10%    passed     99.74%
  15  1835    7.39%    passed     97.84%
  16  1836    8.10%    passed     98.89%
  17  1837    8.10%    passed     99.85%
  18  1838    7.39%    passed     99.34%
  19  1080    8.10%    passed     98.67%
  20  57      8.10%    passed     99.89%
  21  1083    8.10%    passed     99.67%
  22  3137    8.10%    passed     97.91%
  23  68      8.10%    passed     99.37%
  24  454     8.10%    passed     99.88%
  25  71      8.10%    passed     99.84%
  26  3831    8.10%    passed     97.84%
  27  1868    8.10%    passed     99.44%
  28  1869    8.10%    passed     99.65%
  29  1870    8.10%    passed     99.91%
  30  1871    8.10%    passed     99.85%
  31  1877    8.10%    passed     99.91%
  32  985     8.10%    passed     99.74%
  33  347     8.10%    passed    100.00%
  34  3036    8.10%    passed     99.92%
  35  3292    8.10%    passed     99.90%
  36  3835    8.10%    passed     98.45%
  37  3041    8.10%    passed     98.07%
  38  493     8.10%    passed     99.16%
  39  3442    8.10%    passed     99.43%
  40  118     8.10%    passed     99.16%
  41  3190    8.10%    passed     99.71%
  42  3830    8.10%    passed     98.45%
  43  123     8.10%    passed     99.84%
  44  3069    8.10%    passed    100.00%
  45  126     8.10%    passed     98.67%
****  TOTAL    7.86%  0 sequences failed composition chi2 test (p-value<5%; df=3)


Create initial parsimony tree by phylogenetic likelihood library (PLL)... 0.001 seconds
NOTE: ModelFinder requires 0 MB RAM!
ModelFinder will test 286 DNA models (sample size: 284) ...
 No. Model         -LnL         df  AIC          AICc         BIC
Measuring multi-threading efficiency up to 80 CPU cores
Increase to 10 rounds for branch lengths
35438 trees examined
Threads: 1 / Time: 80.002 sec / Speedup: 1.000 / Efficiency: 100% / LogL: -1085
Threads: 2 / Time: 112.991 sec / Speedup: 0.708 / Efficiency: 35% / LogL: -1085
BEST NUMBER OF THREADS: 1

  1  JC            726.883      87  1627.767     1705.889     1945.228
  2  JC+I          702.393      88  1580.786     1661.115     1901.896
  3  JC+G4         705.646      88  1587.293     1667.621     1908.402
  4  JC+I+G4       702.271      89  1582.541     1665.118     1907.300
  5  JC+R2         702.070      89  1582.139     1664.717     1906.898
  6  JC+R3         702.023      91  1586.045     1673.253     1918.102
 14  F81+F         719.719      90  1619.437     1704.308     1947.845
 15  F81+F+I       695.417      91  1572.835     1660.043     1904.891
 16  F81+F+G4      698.576      91  1579.153     1666.361     1911.210
 17  F81+F+I+G4    695.209      92  1574.418     1664.010     1910.124
 18  F81+F+R2      694.692      92  1573.384     1662.976     1909.090
 19  F81+F+R3      694.668      94  1577.337     1671.834     1920.340
 27  K2P           714.259      88  1604.517     1684.845     1925.627
 28  K2P+I         689.732      89  1557.463     1640.040     1882.222
 29  K2P+G4        693.000      89  1564.000     1646.578     1888.759
 30  K2P+I+G4      689.594      90  1559.188     1644.059     1887.596
 31  K2P+R2        689.405      90  1558.810     1643.681     1887.218
 32  K2P+R3        689.390      92  1562.780     1652.371     1898.485
 40  HKY+F         707.562      91  1597.124     1684.333     1929.181
 41  HKY+F+I       683.077      92  1550.155     1639.746     1885.860
 42  HKY+F+G4      686.285      92  1556.571     1646.162     1892.277
 43  HKY+F+I+G4    682.965      93  1551.929     1643.950     1891.284
 44  HKY+F+R2      682.961      93  1551.922     1643.943     1891.277
 45  HKY+F+R3      682.928      95  1555.855     1652.877     1902.508
 53  TNe           711.542      89  1601.085     1683.662     1925.844
 54  TNe+I         685.426      90  1550.852     1635.722     1879.259
 55  TNe+G4        688.957      90  1557.915     1642.785     1886.322
 56  TNe+I+G4      685.481      91  1552.961     1640.169     1885.018
 57  TNe+R2        686.426      91  1554.852     1642.060     1886.909
 58  TNe+R3        686.397      93  1558.794     1650.815     1898.149
 66  TN+F          706.428      92  1596.857     1686.448     1932.562
 67  TN+F+I        680.843      93  1547.686     1639.707     1887.041
 68  TN+F+G4       684.245      93  1554.489     1646.510     1893.844
 69  TN+F+I+G4     680.871      94  1549.741     1644.239     1892.745
 70  TN+F+R2       681.516      94  1551.032     1645.529     1894.036
 71  TN+F+R3       681.478      96  1554.956     1654.550     1905.258
 79  K3P           714.210      89  1606.421     1688.998     1931.180
 80  K3P+I         689.677      90  1559.354     1644.224     1887.761
 81  K3P+G4        692.950      90  1565.899     1650.770     1894.307
 82  K3P+I+G4      689.537      91  1561.074     1648.282     1893.130
 83  K3P+R2        689.319      91  1560.638     1647.846     1892.695
 84  K3P+R3        689.302      93  1564.604     1656.625     1903.959
 92  K3Pu+F        707.493      92  1598.987     1688.578     1934.692
 93  K3Pu+F+I      683.004      93  1552.008     1644.029     1891.363
 94  K3Pu+F+G4     686.213      93  1558.426     1650.447     1897.781
 95  K3Pu+F+I+G4   682.889      94  1553.778     1648.276     1896.782
 96  K3Pu+F+R2     682.801      94  1553.602     1648.100     1896.606
 97  K3Pu+F+R3     682.790      96  1557.580     1657.174     1907.881
105  TPM2+F        707.510      92  1599.020     1688.612     1934.726
106  TPM2+F+I      683.043      93  1552.085     1644.106     1891.440
107  TPM2+F+G4     686.236      93  1558.473     1650.494     1897.827
108  TPM2+F+I+G4   682.913      94  1553.827     1648.324     1896.830
109  TPM2+F+R2     682.805      94  1553.610     1648.108     1896.614
110  TPM2+F+R3     682.796      96  1557.592     1657.186     1907.894
118  TPM2u+F       707.509      92  1599.019     1688.610     1934.724
119  TPM2u+F+I     683.043      93  1552.085     1644.106     1891.440
120  TPM2u+F+G4    686.236      93  1558.473     1650.494     1897.827
121  TPM2u+F+I+G4  682.908      94  1553.815     1648.313     1896.819
122  TPM2u+F+R2    682.804      94  1553.608     1648.105     1896.611
123  TPM2u+F+R3    682.795      96  1557.590     1657.184     1907.892
131  TPM3+F        705.959      92  1595.918     1685.510     1931.624
132  TPM3+F+I      681.535      93  1549.070     1641.091     1888.424
133  TPM3+F+G4     684.641      93  1555.282     1647.303     1894.636
134  TPM3+F+I+G4   681.353      94  1550.706     1645.204     1893.710
135  TPM3+F+R2     681.197      94  1550.395     1644.892     1893.398
136  TPM3+F+R3     681.191      96  1554.383     1653.976     1904.684
144  TPM3u+F       705.959      92  1595.918     1685.510     1931.624
145  TPM3u+F+I     681.535      93  1549.069     1641.090     1888.424
146  TPM3u+F+G4    684.641      93  1555.281     1647.302     1894.636
147  TPM3u+F+I+G4  681.346      94  1550.692     1645.189     1893.695
148  TPM3u+F+R2    681.197      94  1550.394     1644.892     1893.398
149  TPM3u+F+R3    681.191      96  1554.382     1653.976     1904.684
157  TIMe          711.504      90  1603.008     1687.879     1931.416
158  TIMe+I        685.380      91  1552.760     1639.968     1884.817
159  TIMe+G4       688.915      91  1559.831     1647.039     1891.888
160  TIMe+I+G4     685.468      92  1554.935     1644.527     1890.641
161  TIMe+R2       686.192      92  1556.383     1645.975     1892.089
162  TIMe+R3       686.187      94  1560.375     1654.872     1903.378
170  TIM+F         706.375      93  1598.751     1690.772     1938.105
171  TIM+F+I       680.787      94  1549.574     1644.071     1892.577
172  TIM+F+G4      684.187      94  1556.374     1650.871     1899.377
173  TIM+F+I+G4    680.832      95  1551.663     1648.685     1898.316
174  TIM+F+R2      681.323      95  1552.646     1649.667     1899.298
175  TIM+F+R3      681.310      97  1556.620     1658.835     1910.570
183  TIM2e         711.550      90  1603.100     1687.970     1931.508
184  TIM2e+I       685.429      91  1552.858     1640.066     1884.914
185  TIM2e+G4      688.963      91  1559.925     1647.134     1891.982
186  TIM2e+I+G4    685.506      92  1555.012     1644.603     1890.717
187  TIM2e+R2      686.152      92  1556.304     1645.895     1892.009
188  TIM2e+R3      686.134      94  1560.268     1654.765     1903.271
196  TIM2+F        706.396      93  1598.792     1690.813     1938.147
197  TIM2+F+I      680.831      94  1549.662     1644.159     1892.665
198  TIM2+F+G4     684.218      94  1556.437     1650.934     1899.440
199  TIM2+F+I+G4   680.869      95  1551.738     1648.759     1898.390
200  TIM2+F+R2     681.298      95  1552.595     1649.616     1899.248
201  TIM2+F+R3     681.267      97  1556.533     1658.748     1910.484
209  TIM3e         710.223      90  1600.447     1685.317     1928.854
210  TIM3e+I       684.331      91  1550.662     1637.870     1882.719
211  TIM3e+G4      687.762      91  1557.524     1644.732     1889.580
212  TIM3e+I+G4    684.378      92  1552.756     1642.348     1888.462
213  TIM3e+R2      684.862      92  1553.724     1643.315     1889.429
214  TIM3e+R3      684.840      94  1557.680     1652.177     1900.683
222  TIM3+F        704.838      93  1595.676     1687.697     1935.031
223  TIM3+F+I      679.333      94  1546.667     1641.164     1889.670
224  TIM3+F+G4     682.613      94  1553.226     1647.723     1896.229
225  TIM3+F+I+G4   679.331      95  1548.663     1645.684     1895.315
226  TIM3+F+R2     679.639      95  1549.277     1646.298     1895.930
227  TIM3+F+R3     679.618      97  1553.237     1655.452     1907.187
235  TVMe          712.917      91  1607.833     1695.042     1939.890
236  TVMe+I        688.532      92  1561.063     1650.655     1896.769
237  TVMe+G4       691.709      92  1567.417     1657.009     1903.123
238  TVMe+I+G4     688.326      93  1562.651     1654.672     1902.006
239  TVMe+R2       688.063      93  1562.127     1654.148     1901.482
240  TVMe+R3       688.063      95  1566.126     1663.148     1912.779
248  TVM+F         705.900      94  1599.799     1694.297     1942.803
249  TVM+F+I       681.493      95  1552.985     1650.006     1899.638
250  TVM+F+G4      684.584      95  1559.167     1656.188     1905.820
251  TVM+F+I+G4    681.303      96  1554.606     1654.200     1904.908
252  TVM+F+R2      681.137      96  1554.273     1653.867     1904.575
253  TVM+F+R3      681.135      98  1558.269     1663.156     1915.869
261  SYM           710.208      92  1604.417     1694.008     1940.122
262  SYM+I         684.309      93  1554.617     1646.638     1893.972
263  SYM+G4        687.745      93  1561.489     1653.510     1900.844
264  SYM+I+G4      684.365      94  1556.729     1651.227     1899.733
265  SYM+R2        684.821      94  1557.643     1652.140     1900.646
266  SYM+R3        684.793      96  1561.587     1661.180     1911.888
274  GTR+F         704.780      95  1599.560     1696.582     1946.213
275  GTR+F+I       679.292      96  1550.585     1650.179     1900.886
276  GTR+F+G4      682.561      96  1557.121     1656.715     1907.423
277  GTR+F+I+G4    679.292      97  1552.584     1654.799     1906.535
278  GTR+F+R2      679.575      97  1553.151     1655.366     1907.101
279  GTR+F+R3      679.552      99  1557.104     1664.713     1918.353
Akaike Information Criterion:           TIM3+F+I
Corrected Akaike Information Criterion: TNe+I
Bayesian Information Criterion:         TNe+I
Best-fit model: TNe+I chosen according to BIC

All model information printed to /home/estrand/ITS2/SymPortal_framework/outputs/analyses/3/2020-04-01_12-26-53.145538/between_sample_distances/D/clade_D_seqs.aligned.fasta.model.gz
CPU time for ModelFinder: 341.165 seconds (0h:5m:41s)
Wall-clock time for ModelFinder: 194.778 seconds (0h:3m:14s)

NOTE: 0 MB RAM (0 GB) is required!
Measuring multi-threading efficiency up to 80 CPU cores
Increase to 10 rounds for branch lengths
25085 trees examined
Threads: 1 / Time: 80.002 sec / Speedup: 1.000 / Efficiency: 100% / LogL: -1036
Threads: 2 / Time: 114.830 sec / Speedup: 0.697 / Efficiency: 35% / LogL: -1036
BEST NUMBER OF THREADS: 1

Estimate model parameters (epsilon = 0.100)
1. Initial log-likelihood: -716.709
2. Current log-likelihood: -685.650
3. Current log-likelihood: -685.425
Optimal log-likelihood: -685.425
Rate parameters:  A-C: 1.00000  A-G: 2.10538  A-T: 1.00000  C-G: 1.00000  C-T: 7.89185  G-T: 1.00000
Base frequencies:  A: 0.250  C: 0.250  G: 0.250  T: 0.250
Proportion of invariable sites: 0.857
Parameters optimization took 3 rounds (0.006 sec)
Computing ML distances based on estimated model parameters... 0.006 sec
Computing BIONJ tree...
0.001 seconds
Log-likelihood of BIONJ tree: -685.524
--------------------------------------------------------------------
|             INITIALIZING CANDIDATE TREE SET                      |
--------------------------------------------------------------------
Generating 98 parsimony trees... 0.126 second
Computing log-likelihood of 98 initial trees ... 0.167 seconds
Current best score: -681.349

Do NNI search on 20 best initial trees
Estimate model parameters (epsilon = 0.100)
BETTER TREE FOUND at iteration 1: -681.066
Iteration 10 / LogL: -685.690 / Time: 0h:3m:15s
Iteration 20 / LogL: -685.619 / Time: 0h:3m:15s
Finish initializing candidate tree set (20)
Current best tree score: -681.066 / CPU time: 0.413
Number of iterations: 20
--------------------------------------------------------------------
|               OPTIMIZING CANDIDATE TREE SET                      |
--------------------------------------------------------------------
BETTER TREE FOUND at iteration 22: -681.066
BETTER TREE FOUND at iteration 24: -681.066
BETTER TREE FOUND at iteration 26: -681.066
BETTER TREE FOUND at iteration 29: -681.066
BETTER TREE FOUND at iteration 30: -681.065
Iteration 30 / LogL: -681.065 / Time: 0h:3m:15s (0h:11m:13s left)
BETTER TREE FOUND at iteration 31: -681.065
Iteration 40 / LogL: -683.489 / Time: 0h:3m:15s (0h:7m:36s left)
Iteration 50 / LogL: -686.443 / Time: 0h:3m:15s (0h:5m:23s left)
BETTER TREE FOUND at iteration 57: -681.065
BETTER TREE FOUND at iteration 59: -681.065
Iteration 60 / LogL: -681.065 / Time: 0h:3m:15s (0h:5m:28s left)
BETTER TREE FOUND at iteration 62: -681.064
Iteration 70 / LogL: -686.312 / Time: 0h:3m:15s (0h:4m:21s left)
BETTER TREE FOUND at iteration 76: -681.064
Iteration 80 / LogL: -681.065 / Time: 0h:3m:16s (0h:3m:58s left)
BETTER TREE FOUND at iteration 81: -681.064
Iteration 90 / LogL: -681.065 / Time: 0h:3m:16s (0h:3m:20s left)
BETTER TREE FOUND at iteration 99: -681.064
Iteration 100 / LogL: -681.065 / Time: 0h:3m:16s (0h:3m:16s left)
BETTER TREE FOUND at iteration 107: -681.064
Iteration 110 / LogL: -681.065 / Time: 0h:3m:16s (0h:2m:54s left)
BETTER TREE FOUND at iteration 113: -681.064
Iteration 120 / LogL: -681.064 / Time: 0h:3m:16s (0h:2m:33s left)
Iteration 130 / LogL: -684.044 / Time: 0h:3m:16s (0h:2m:6s left)
BETTER TREE FOUND at iteration 135: -681.063
BETTER TREE FOUND at iteration 136: -681.063
Iteration 140 / LogL: -683.488 / Time: 0h:3m:16s (0h:2m:16s left)
Iteration 150 / LogL: -681.064 / Time: 0h:3m:17s (0h:1m:53s left)
Iteration 160 / LogL: -686.948 / Time: 0h:3m:17s (0h:1m:34s left)
Iteration 170 / LogL: -684.139 / Time: 0h:3m:17s (0h:1m:17s left)
Iteration 180 / LogL: -681.063 / Time: 0h:3m:17s (0h:1m:1s left)
Iteration 190 / LogL: -681.064 / Time: 0h:3m:17s (0h:0m:48s left)
Iteration 200 / LogL: -687.972 / Time: 0h:3m:17s (0h:0m:35s left)
BETTER TREE FOUND at iteration 203: -681.063
BETTER TREE FOUND at iteration 204: -681.063
Iteration 210 / LogL: -681.064 / Time: 0h:3m:17s (0h:1m:29s left)
Iteration 220 / LogL: -685.644 / Time: 0h:3m:18s (0h:1m:15s left)
BETTER TREE FOUND at iteration 228: -681.063
Iteration 230 / LogL: -681.064 / Time: 0h:3m:18s (0h:1m:24s left)
Iteration 240 / LogL: -681.064 / Time: 0h:3m:18s (0h:1m:13s left)
BETTER TREE FOUND at iteration 241: -681.063
Iteration 250 / LogL: -681.063 / Time: 0h:3m:18s (0h:1m:12s left)
Iteration 260 / LogL: -681.063 / Time: 0h:3m:18s (0h:1m:2s left)
BETTER TREE FOUND at iteration 269: -681.062
Iteration 270 / LogL: -681.063 / Time: 0h:3m:18s (0h:1m:13s left)
Iteration 280 / LogL: -681.062 / Time: 0h:3m:18s (0h:1m:3s left)
Iteration 290 / LogL: -681.063 / Time: 0h:3m:18s (0h:0m:54s left)
Iteration 300 / LogL: -681.063 / Time: 0h:3m:19s (0h:0m:45s left)
Iteration 310 / LogL: -683.487 / Time: 0h:3m:19s (0h:0m:38s left)
Iteration 320 / LogL: -681.063 / Time: 0h:3m:19s (0h:0m:30s left)
Iteration 330 / LogL: -681.063 / Time: 0h:3m:19s (0h:0m:23s left)
Iteration 340 / LogL: -684.139 / Time: 0h:3m:19s (0h:0m:17s left)
Iteration 350 / LogL: -684.139 / Time: 0h:3m:19s (0h:0m:10s left)
Iteration 360 / LogL: -684.028 / Time: 0h:3m:19s (0h:0m:5s left)
Iteration 370 / LogL: -683.487 / Time: 0h:3m:19s (0h:0m:-1s left)
TREE SEARCH COMPLETED AFTER 370 ITERATIONS / Time: 0h:3m:19s

--------------------------------------------------------------------
|                    FINALIZING TREE SEARCH                        |
--------------------------------------------------------------------
Performs final model parameters optimization
Estimate model parameters (epsilon = 0.010)
1. Initial log-likelihood: -681.062
Optimal log-likelihood: -681.062
Rate parameters:  A-C: 1.00000  A-G: 2.43677  A-T: 1.00000  C-G: 1.00000  C-T: 10.34713  G-T: 1.00000
Base frequencies:  A: 0.250  C: 0.250  G: 0.250  T: 0.250
Proportion of invariable sites: 0.856
Parameters optimization took 1 rounds (0.001 sec)
BEST SCORE FOUND : -681.062
Total tree length: 0.177

Total number of iterations: 370
CPU time used for tree search: 4.106 sec (0h:0m:4s)
Wall-clock time used for tree search: 4.973 sec (0h:0m:4s)
Total CPU time used: 279.072 sec (0h:4m:39s)
Total wall-clock time used: 199.837 sec (0h:3m:19s)

Analysis results written to: 
  IQ-TREE report:                /home/estrand/ITS2/SymPortal_framework/outputs/analyses/3/2020-04-01_12-26-53.145538/between_sample_distances/D/clade_D_seqs.aligned.fasta.iqtree
  Maximum-likelihood tree:       /home/estrand/ITS2/SymPortal_framework/outputs/analyses/3/2020-04-01_12-26-53.145538/between_sample_distances/D/clade_D_seqs.aligned.fasta.treefile
  Likelihood distances:          /home/estrand/ITS2/SymPortal_framework/outputs/analyses/3/2020-04-01_12-26-53.145538/between_sample_distances/D/clade_D_seqs.aligned.fasta.mldist
  Screen log file:               /home/estrand/ITS2/SymPortal_framework/outputs/analyses/3/2020-04-01_12-26-53.145538/between_sample_distances/D/clade_D_seqs.aligned.fasta.log

Date and Time: Wed Apr  1 12:52:30 2020
