IQ-TREE multicore version 1.6.12 for Linux 64-bit built Mar 16 2020
Developed by Bui Quang Minh, Nguyen Lam Tung, Olga Chernomor,
Heiko Schmidt, Dominik Schrempf, Michael Woodhams.

Host:    KITT.uri.edu (AVX2, FMA3, 503 GB RAM)
Command: iqtree -nt AUTO -s /home/estrand/ITS2/SymPortal_framework/outputs/analyses/2/2020-03-30_18-38-09.663871/between_profile_distances/C/clade_C_seqs.aligned.fasta
Seed:    475361 (Using SPRNG - Scalable Parallel Random Number Generator)
Time:    Mon Mar 30 18:38:21 2020
Kernel:  AVX+FMA - auto-detect threads (80 CPU cores detected)

Reading alignment file /home/estrand/ITS2/SymPortal_framework/outputs/analyses/2/2020-03-30_18-38-09.663871/between_profile_distances/C/clade_C_seqs.aligned.fasta ... Fasta format detected
Alignment most likely contains DNA/RNA sequences
Alignment has 6 sequences with 265 columns, 16 distinct patterns
3 parsimony-informative, 4 singleton sites, 258 constant sites
      Gap/Ambiguity  Composition  p-value
   1  1       0.75%    passed     99.42%
   2  1158    2.64%    passed     98.68%
   3  329     0.75%    passed     98.72%
   4  332     0.75%    passed     96.98%
   5  848     1.89%    passed     96.27%
   6  18      3.40%    passed     99.36%
****  TOTAL    1.70%  0 sequences failed composition chi2 test (p-value<5%; df=3)


Create initial parsimony tree by phylogenetic likelihood library (PLL)... 0.000 seconds
NOTE: ModelFinder requires 0 MB RAM!
ModelFinder will test 286 DNA models (sample size: 265) ...
 No. Model         -LnL         df  AIC          AICc         BIC
Measuring multi-threading efficiency up to 80 CPU cores
Increase to 10 rounds for branch lengths
436736 trees examined
Threads: 1 / Time: 80.000 sec / Speedup: 1.000 / Efficiency: 100% / LogL: -422
Threads: 2 / Time: 111.212 sec / Speedup: 0.719 / Efficiency: 36% / LogL: -422
BEST NUMBER OF THREADS: 1

  1  JC            416.203      9   850.406      851.112      882.624
  2  JC+I          416.203      10  852.406      853.273      888.204
  3  JC+G4         416.203      10  852.407      853.273      888.204
  4  JC+I+G4       416.268      11  854.537      855.580      893.914
  5  JC+R2         416.234      11  854.469      855.512      893.846
  6  JC+R3         416.232      13  858.465      859.915      905.001
 14  F81+F         406.770      12  837.540      838.778      880.497
 15  F81+F+I       406.770      13  839.540      840.991      886.077
 16  F81+F+G4      406.770      13  839.540      840.991      886.077
 17  F81+F+I+G4    406.828      14  841.657      843.337      891.773
 18  F81+F+R2      406.797      14  841.594      843.274      891.710
 19  F81+F+R3      406.795      16  845.589      847.783      902.865
 27  K2P           415.374      10  850.749      851.615      886.546
 28  K2P+I         415.374      11  852.749      853.792      892.126
 29  K2P+G4        415.375      11  852.749      853.792      892.126
 30  K2P+I+G4      415.441      12  854.882      856.120      897.839
 31  K2P+R2        415.404      12  854.807      856.045      897.764
 32  K2P+R3        415.400      14  858.801      860.481      908.917
 40  HKY+F         406.006      13  838.013      839.463      884.549
 41  HKY+F+I       406.006      14  840.013      841.693      890.129
 42  HKY+F+G4      406.006      14  840.013      841.693      890.129
 43  HKY+F+I+G4    406.067      15  842.133      844.061      895.829
 44  HKY+F+R2      406.032      15  842.063      843.991      895.759
 45  HKY+F+R3      406.028      17  846.057      848.534      906.912
 53  TNe           415.165      11  852.330      853.374      891.707
 54  TNe+I         415.165      12  854.330      855.568      897.287
 55  TNe+G4        415.165      12  854.330      855.568      897.287
 56  TNe+I+G4      415.238      13  856.475      857.926      903.012
 57  TNe+R2        415.194      13  856.388      857.838      902.924
 58  TNe+R3        415.189      15  860.378      862.306      914.074
 66  TN+F          405.965      14  839.929      841.609      890.045
 67  TN+F+I        405.964      15  841.929      843.856      895.625
 68  TN+F+G4       405.964      15  841.928      843.856      895.624
 69  TN+F+I+G4     406.026      16  844.052      846.246      901.328
 70  TN+F+R2       405.988      16  843.975      846.169      901.251
 71  TN+F+R3       405.983      18  847.966      850.747      912.401
 79  K3P           413.312      11  848.624      849.667      888.001
 80  K3P+I         413.312      12  850.624      851.862      893.581
 81  K3P+G4        413.312      12  850.624      851.862      893.581
 82  K3P+I+G4      413.394      13  852.788      854.238      899.324
 83  K3P+R2        413.341      13  852.683      854.133      899.219
 84  K3P+R3        413.335      15  856.670      858.597      910.366
 92  K3Pu+F        404.035      14  836.071      837.751      886.187
 93  K3Pu+F+I      404.035      15  838.071      839.999      891.767
 94  K3Pu+F+G4     404.035      15  838.071      839.999      891.767
 95  K3Pu+F+I+G4   404.114      16  840.228      842.422      897.504
 96  K3Pu+F+R2     404.062      16  840.124      842.317      897.400
 97  K3Pu+F+R3     404.055      18  844.110      846.891      908.545
105  TPM2+F        404.442      14  836.884      838.564      887.000
106  TPM2+F+I      404.442      15  838.884      840.812      892.580
107  TPM2+F+G4     404.442      15  838.884      840.812      892.580
108  TPM2+F+I+G4   404.505      16  841.009      843.203      898.285
109  TPM2+F+R2     404.462      16  840.924      843.117      898.200
110  TPM2+F+R3     404.456      18  844.913      847.693      909.348
118  TPM2u+F       404.442      14  836.884      838.564      887.000
119  TPM2u+F+I     404.442      15  838.884      840.812      892.580
120  TPM2u+F+G4    404.442      15  838.884      840.812      892.580
121  TPM2u+F+I+G4  404.504      16  841.009      843.203      898.285
122  TPM2u+F+R2    404.461      16  840.922      843.115      898.198
123  TPM2u+F+R3    404.455      18  844.910      847.691      909.345
131  TPM3+F        404.411      14  836.823      838.503      886.939
132  TPM3+F+I      404.411      15  838.822      840.749      892.518
133  TPM3+F+G4     404.411      15  838.822      840.750      892.518
134  TPM3+F+I+G4   404.497      16  840.994      843.188      898.270
135  TPM3+F+R2     404.435      16  840.870      843.064      898.146
136  TPM3+F+R3     404.427      18  844.854      847.634      909.289
144  TPM3u+F       404.411      14  836.822      838.502      886.938
145  TPM3u+F+I     404.411      15  838.822      840.749      892.518
146  TPM3u+F+G4    404.411      15  838.822      840.750      892.518
147  TPM3u+F+I+G4  404.497      16  840.994      843.188      898.270
148  TPM3u+F+R2    404.433      16  840.867      843.060      898.142
149  TPM3u+F+R3    404.425      18  844.850      847.630      909.285
157  TIMe          413.114      12  850.227      851.465      893.184
158  TIMe+I        413.105      13  852.210      853.660      898.746
159  TIMe+G4       413.102      13  852.204      853.654      898.741
160  TIMe+I+G4     413.189      14  854.377      856.057      904.493
161  TIMe+R2       413.123      14  854.246      855.926      904.362
162  TIMe+R3       413.114      16  858.229      860.422      915.504
170  TIM+F         403.995      15  837.989      839.917      891.685
171  TIM+F+I       403.992      16  839.985      842.178      897.260
172  TIM+F+G4      403.992      16  839.985      842.178      897.261
173  TIM+F+I+G4    404.072      17  842.145      844.623      903.000
174  TIM+F+R2      404.010      17  842.021      844.498      902.876
175  TIM+F+R3      404.002      19  846.005      849.107      914.020
183  TIM2e         413.309      12  850.617      851.856      893.574
184  TIM2e+I       413.304      13  852.609      854.059      899.145
185  TIM2e+G4      413.304      13  852.607      854.057      899.144
186  TIM2e+I+G4    413.376      14  854.751      856.431      904.867
187  TIM2e+R2      413.319      14  854.637      856.317      904.753
188  TIM2e+R3      413.311      16  858.623      860.816      915.899
196  TIM2+F        404.398      15  838.797      840.725      892.493
197  TIM2+F+I      404.398      16  840.797      842.990      898.073
198  TIM2+F+G4     404.399      16  840.797      842.991      898.073
199  TIM2+F+I+G4   404.461      17  842.923      845.401      903.778
200  TIM2+F+R2     404.411      17  842.822      845.299      903.677
201  TIM2+F+R3     404.405      19  846.809      849.911      914.824
209  TIM3e         413.392      12  850.784      852.022      893.740
210  TIM3e+I       413.389      13  852.779      854.229      899.315
211  TIM3e+G4      413.389      13  852.778      854.228      899.314
212  TIM3e+I+G4    413.488      14  854.976      856.656      905.092
213  TIM3e+R2      413.407      14  854.813      856.493      904.929
214  TIM3e+R3      413.397      16  858.795      860.988      916.070
222  TIM3+F        404.369      15  838.738      840.665      892.434
223  TIM3+F+I      404.369      16  840.738      842.931      898.013
224  TIM3+F+G4     404.369      16  840.738      842.931      898.013
225  TIM3+F+I+G4   404.457      17  842.914      845.392      903.769
226  TIM3+F+R2     404.383      17  842.766      845.244      903.622
227  TIM3+F+R3     404.375      19  846.750      849.852      914.765
235  TVMe          411.719      13  849.438      850.889      895.975
236  TVMe+I        411.719      14  851.438      853.118      901.555
237  TVMe+G4       411.719      14  851.439      853.119      901.555
238  TVMe+I+G4     411.814      15  853.628      855.555      907.324
239  TVMe+R2       411.733      15  853.466      855.394      907.162
240  TVMe+R3       411.725      17  857.450      859.928      918.305
248  TVM+F         402.847      16  837.695      839.888      894.970
249  TVM+F+I       402.847      17  839.695      842.172      900.550
250  TVM+F+G4      402.847      17  839.695      842.172      900.550
251  TVM+F+I+G4    402.936      18  841.872      844.652      906.307
252  TVM+F+R2      402.859      18  841.718      844.499      906.154
253  TVM+F+R3      402.852      20  845.704      849.147      917.298
261  SYM           411.511      14  851.022      852.702      901.138
262  SYM+I         411.509      15  853.018      854.946      906.714
263  SYM+G4        411.509      15  853.018      854.946      906.714
264  SYM+I+G4      411.609      16  855.217      857.411      912.493
265  SYM+R2        411.521      16  855.042      857.235      912.318
266  SYM+R3        411.513      18  859.027      861.807      923.462
274  GTR+F         402.805      17  839.610      842.088      900.465
275  GTR+F+I       402.804      18  841.608      844.389      906.044
276  GTR+F+G4      402.804      18  841.609      844.389      906.044
277  GTR+F+I+G4    402.894      19  843.789      846.891      911.803
278  GTR+F+R2      402.814      19  843.628      846.730      911.643
279  GTR+F+R3      402.808      21  847.615      851.418      922.789
Akaike Information Criterion:           K3Pu+F
Corrected Akaike Information Criterion: K3Pu+F
Bayesian Information Criterion:         F81+F
Best-fit model: F81+F chosen according to BIC

All model information printed to /home/estrand/ITS2/SymPortal_framework/outputs/analyses/2/2020-03-30_18-38-09.663871/between_profile_distances/C/clade_C_seqs.aligned.fasta.model.gz
CPU time for ModelFinder: 267.104 seconds (0h:4m:27s)
Wall-clock time for ModelFinder: 191.928 seconds (0h:3m:11s)

NOTE: 0 MB RAM (0 GB) is required!
Measuring multi-threading efficiency up to 80 CPU cores
Increase to 10 rounds for branch lengths
438481 trees examined
Threads: 1 / Time: 80.000 sec / Speedup: 1.000 / Efficiency: 100% / LogL: -432
Threads: 2 / Time: 113.295 sec / Speedup: 0.706 / Efficiency: 35% / LogL: -432
BEST NUMBER OF THREADS: 1

Estimate model parameters (epsilon = 0.100)
1. Initial log-likelihood: -406.770
Optimal log-likelihood: -406.770
Rate parameters:  A-C: 1.00000  A-G: 1.00000  A-T: 1.00000  C-G: 1.00000  C-T: 1.00000  G-T: 1.00000
Base frequencies:  A: 0.165  C: 0.246  G: 0.242  T: 0.347
Parameters optimization took 1 rounds (0.000 sec)
Computing ML distances based on estimated model parameters... 0.000 sec
Computing BIONJ tree...
0.000 seconds
Log-likelihood of BIONJ tree: -406.770
--------------------------------------------------------------------
|             INITIALIZING CANDIDATE TREE SET                      |
--------------------------------------------------------------------
Generating 99 parsimony trees... 0.013 second
Computing log-likelihood of 6 initial trees ... 0.001 seconds
Current best score: -406.770

Do NNI search on 7 best initial trees
Finish initializing candidate tree set (7)
Current best tree score: -406.770 / CPU time: 0.017
Number of iterations: 7
--------------------------------------------------------------------
|               OPTIMIZING CANDIDATE TREE SET                      |
--------------------------------------------------------------------
UPDATE BEST LOG-LIKELIHOOD: -406.770
Iteration 10 / LogL: -406.809 / Time: 0h:3m:13s
Iteration 20 / LogL: -406.770 / Time: 0h:3m:13s
Iteration 30 / LogL: -406.785 / Time: 0h:3m:13s (0h:7m:46s left)
Iteration 40 / LogL: -406.787 / Time: 0h:3m:13s (0h:4m:57s left)
Iteration 50 / LogL: -406.783 / Time: 0h:3m:13s (0h:3m:17s left)
Iteration 60 / LogL: -406.782 / Time: 0h:3m:13s (0h:2m:11s left)
Iteration 70 / LogL: -406.787 / Time: 0h:3m:13s (0h:1m:24s left)
Iteration 80 / LogL: -412.092 / Time: 0h:3m:13s (0h:0m:48s left)
Iteration 90 / LogL: -406.787 / Time: 0h:3m:13s (0h:0m:21s left)
Iteration 100 / LogL: -406.770 / Time: 0h:3m:13s (0h:0m:0s left)
TREE SEARCH COMPLETED AFTER 101 ITERATIONS / Time: 0h:3m:13s

--------------------------------------------------------------------
|                    FINALIZING TREE SEARCH                        |
--------------------------------------------------------------------
Performs final model parameters optimization
Estimate model parameters (epsilon = 0.010)
1. Initial log-likelihood: -406.770
Optimal log-likelihood: -406.770
Rate parameters:  A-C: 1.00000  A-G: 1.00000  A-T: 1.00000  C-G: 1.00000  C-T: 1.00000  G-T: 1.00000
Base frequencies:  A: 0.165  C: 0.246  G: 0.242  T: 0.347
Parameters optimization took 1 rounds (0.000 sec)
BEST SCORE FOUND : -406.770
Total tree length: 0.027

Total number of iterations: 101
CPU time used for tree search: 0.055 sec (0h:0m:0s)
Wall-clock time used for tree search: 0.077 sec (0h:0m:0s)
Total CPU time used: 264.326 sec (0h:4m:24s)
Total wall-clock time used: 193.412 sec (0h:3m:13s)

Analysis results written to: 
  IQ-TREE report:                /home/estrand/ITS2/SymPortal_framework/outputs/analyses/2/2020-03-30_18-38-09.663871/between_profile_distances/C/clade_C_seqs.aligned.fasta.iqtree
  Maximum-likelihood tree:       /home/estrand/ITS2/SymPortal_framework/outputs/analyses/2/2020-03-30_18-38-09.663871/between_profile_distances/C/clade_C_seqs.aligned.fasta.treefile
  Likelihood distances:          /home/estrand/ITS2/SymPortal_framework/outputs/analyses/2/2020-03-30_18-38-09.663871/between_profile_distances/C/clade_C_seqs.aligned.fasta.mldist
  Screen log file:               /home/estrand/ITS2/SymPortal_framework/outputs/analyses/2/2020-03-30_18-38-09.663871/between_profile_distances/C/clade_C_seqs.aligned.fasta.log

Date and Time: Mon Mar 30 18:44:46 2020
