IQ-TREE multicore version 1.6.12 for Linux 64-bit built Mar 16 2020
Developed by Bui Quang Minh, Nguyen Lam Tung, Olga Chernomor,
Heiko Schmidt, Dominik Schrempf, Michael Woodhams.

Host:    KITT.uri.edu (AVX2, FMA3, 503 GB RAM)
Command: iqtree -nt AUTO -s /home/estrand/ITS2/SymPortal_framework/outputs/analyses/3/2020-04-01_12-26-53.145538/between_profile_distances/C/clade_C_seqs.aligned.fasta
Seed:    700395 (Using SPRNG - Scalable Parallel Random Number Generator)
Time:    Wed Apr  1 12:29:57 2020
Kernel:  AVX+FMA - auto-detect threads (80 CPU cores detected)

Reading alignment file /home/estrand/ITS2/SymPortal_framework/outputs/analyses/3/2020-04-01_12-26-53.145538/between_profile_distances/C/clade_C_seqs.aligned.fasta ... Fasta format detected
Alignment most likely contains DNA/RNA sequences
Alignment has 18 sequences with 265 columns, 29 distinct patterns
7 parsimony-informative, 13 singleton sites, 245 constant sites
      Gap/Ambiguity  Composition  p-value
   1  1       0.75%    passed     98.61%
   2  3809    0.75%    passed     98.42%
   3  3810    1.51%    passed     96.47%
   4  1156    3.40%    passed     98.51%
   5  3811    1.89%    passed     98.47%
   6  1158    2.64%    passed     99.21%
   7  329     0.75%    passed     97.77%
   8  332     0.75%    passed     95.83%
   9  1402    0.75%    passed     96.22%
  10  848     1.89%    passed     97.56%
  11  18      3.40%    passed     99.46%
  12  850     1.89%    passed     95.59%
  13  2099    0.75%    passed     96.13%
  14  853     2.26%    passed     99.77%
  15  1143    1.89%    passed     98.47%
  16  23      1.13%    passed     99.45%
  17  1144    3.40%    passed     98.28%
  18  1146    2.64%    passed     97.63%
****  TOTAL    1.80%  0 sequences failed composition chi2 test (p-value<5%; df=3)


Create initial parsimony tree by phylogenetic likelihood library (PLL)... 0.000 seconds
NOTE: ModelFinder requires 0 MB RAM!
ModelFinder will test 286 DNA models (sample size: 265) ...
 No. Model         -LnL         df  AIC          AICc         BIC
Measuring multi-threading efficiency up to 80 CPU cores
Increase to 10 rounds for branch lengths
98544 trees examined
Threads: 1 / Time: 80.000 sec / Speedup: 1.000 / Efficiency: 100% / LogL: -678
Threads: 2 / Time: 120.408 sec / Speedup: 0.664 / Efficiency: 33% / LogL: -678
BEST NUMBER OF THREADS: 1

  1  JC            510.833      33  1087.665     1097.380     1205.796
  2  JC+I          510.833      34  1089.665     1100.013     1211.376
  3  JC+G4         510.833      34  1089.666     1100.014     1211.377
  4  JC+I+G4       511.409      35  1092.818     1103.823     1218.109
  5  JC+R2         511.103      35  1092.205     1103.210     1217.496
  6  JC+R3         511.059      37  1096.118     1108.506     1228.568
 14  F81+F         502.607      36  1077.214     1088.899     1206.085
 15  F81+F+I       502.607      37  1079.214     1091.602     1211.664
 16  F81+F+G4      502.608      37  1079.215     1091.603     1211.665
 17  F81+F+I+G4    503.141      38  1082.281     1095.397     1218.311
 18  F81+F+R2      502.822      38  1081.644     1094.759     1217.674
 19  F81+F+R3      502.767      40  1085.533     1100.176     1228.722
 27  K2P           506.672      34  1081.344     1091.692     1203.055
 28  K2P+I         506.672      35  1083.344     1094.348     1208.634
 29  K2P+G4        506.672      35  1083.345     1094.349     1208.635
 30  K2P+I+G4      507.247      36  1086.495     1098.179     1215.365
 31  K2P+R2        506.866      36  1085.732     1097.416     1214.602
 32  K2P+R3        506.800      38  1089.600     1102.715     1225.629
 40  HKY+F         498.693      37  1071.385     1083.773     1203.835
 41  HKY+F+I       498.693      38  1073.385     1086.500     1209.415
 42  HKY+F+G4      498.693      38  1073.386     1086.501     1209.416
 43  HKY+F+I+G4    499.200      39  1076.399     1090.266     1216.009
 44  HKY+F+R2      498.837      39  1075.674     1089.540     1215.283
 45  HKY+F+R3      498.779      41  1079.558     1095.002     1226.327
 53  TNe           506.659      35  1083.318     1094.322     1208.609
 54  TNe+I         506.659      36  1085.318     1097.002     1214.188
 55  TNe+G4        506.659      36  1085.319     1097.003     1214.189
 56  TNe+I+G4      507.226      37  1088.452     1100.840     1220.902
 57  TNe+R2        506.791      37  1087.581     1099.969     1220.031
 58  TNe+R3        506.730      39  1091.461     1105.328     1231.070
 66  TN+F          498.567      38  1073.134     1086.249     1209.164
 67  TN+F+I        498.567      39  1075.134     1089.001     1214.744
 68  TN+F+G4       498.568      39  1075.135     1089.002     1214.744
 69  TN+F+I+G4     499.057      40  1078.115     1092.758     1221.304
 70  TN+F+R2       498.662      40  1077.324     1091.967     1220.513
 71  TN+F+R3       498.614      42  1081.229     1097.499     1231.578
 79  K3P           506.013      35  1082.025     1093.030     1207.316
 80  K3P+I         506.013      36  1084.025     1095.709     1212.895
 81  K3P+G4        506.013      36  1084.026     1095.711     1212.897
 82  K3P+I+G4      506.573      37  1087.145     1099.533     1219.595
 83  K3P+R2        506.100      37  1086.199     1098.587     1218.649
 84  K3P+R3        506.052      39  1090.104     1103.971     1229.713
 92  K3Pu+F        498.119      38  1072.238     1085.353     1208.268
 93  K3Pu+F+I      498.119      39  1074.238     1088.104     1213.847
 94  K3Pu+F+G4     498.119      39  1074.239     1088.105     1213.848
 95  K3Pu+F+I+G4   498.627      40  1077.254     1091.897     1220.443
 96  K3Pu+F+R2     498.183      40  1076.365     1091.008     1219.555
 97  K3Pu+F+R3     498.145      42  1080.290     1096.561     1230.639
105  TPM2+F        495.028      38  1066.057     1079.172     1202.086
106  TPM2+F+I      495.028      39  1068.057     1081.923     1207.666
107  TPM2+F+G4     495.029      39  1068.058     1081.924     1207.667
108  TPM2+F+I+G4   495.608      40  1071.217     1085.860     1214.406
109  TPM2+F+R2     495.085      40  1070.170     1084.813     1213.359
110  TPM2+F+R3     495.049      42  1074.098     1090.368     1224.446
118  TPM2u+F       495.028      38  1066.056     1079.171     1202.086
119  TPM2u+F+I     495.028      39  1068.056     1081.923     1207.665
120  TPM2u+F+G4    495.029      39  1068.057     1081.924     1207.667
121  TPM2u+F+I+G4  495.603      40  1071.206     1085.849     1214.395
122  TPM2u+F+R2    495.072      40  1070.144     1084.787     1213.333
123  TPM2u+F+R3    495.042      42  1074.084     1090.355     1224.433
131  TPM3+F        498.432      38  1072.864     1085.979     1208.894
132  TPM3+F+I      498.432      39  1074.864     1088.731     1214.473
133  TPM3+F+G4     498.432      39  1074.865     1088.731     1214.474
134  TPM3+F+I+G4   498.932      40  1077.864     1092.507     1221.053
135  TPM3+F+R2     498.462      40  1076.925     1091.568     1220.114
136  TPM3+F+R3     498.441      42  1080.881     1097.152     1231.230
144  TPM3u+F       498.432      38  1072.864     1085.979     1208.893
145  TPM3u+F+I     498.432      39  1074.864     1088.730     1214.473
146  TPM3u+F+G4    498.432      39  1074.865     1088.731     1214.474
147  TPM3u+F+I+G4  498.928      40  1077.856     1092.499     1221.045
148  TPM3u+F+R2    498.456      40  1076.912     1091.555     1220.101
149  TPM3u+F+R3    498.438      42  1080.876     1097.147     1231.225
157  TIMe          505.999      36  1083.999     1095.683     1212.869
158  TIMe+I        505.999      37  1085.999     1098.387     1218.449
159  TIMe+G4       506.000      37  1086.000     1098.388     1218.450
160  TIMe+I+G4     506.533      38  1089.066     1102.181     1225.096
161  TIMe+R2       506.019      38  1088.039     1101.154     1224.069
162  TIMe+R3       506.004      40  1092.008     1106.651     1235.197
170  TIM+F         497.994      39  1073.987     1087.854     1213.597
171  TIM+F+I       497.994      40  1075.987     1090.630     1219.177
172  TIM+F+G4      497.994      40  1075.988     1090.631     1219.178
173  TIM+F+I+G4    498.470      41  1078.939     1094.383     1225.708
174  TIM+F+R2      498.008      41  1078.016     1093.460     1224.785
175  TIM+F+R3      497.997      43  1081.993     1099.115     1235.921
183  TIM2e         502.342      36  1076.683     1088.367     1205.553
184  TIM2e+I       502.328      37  1078.657     1091.044     1211.107
185  TIM2e+G4      502.326      37  1078.651     1091.039     1211.101
186  TIM2e+I+G4    502.917      38  1081.833     1094.948     1217.863
187  TIM2e+R2      502.338      38  1080.676     1093.791     1216.706
188  TIM2e+R3      502.327      40  1084.655     1099.297     1227.844
196  TIM2+F        494.908      39  1067.816     1081.682     1207.425
197  TIM2+F+I      494.905      40  1069.809     1084.452     1212.999
198  TIM2+F+G4     494.905      40  1069.811     1084.453     1213.000
199  TIM2+F+I+G4   495.450      41  1072.900     1088.344     1219.669
200  TIM2+F+R2     494.914      41  1071.827     1087.271     1218.596
201  TIM2+F+R3     494.906      43  1075.811     1092.934     1229.740
209  TIM3e         506.257      36  1084.514     1096.198     1213.384
210  TIM3e+I       506.257      37  1086.514     1098.901     1218.964
211  TIM3e+G4      506.257      37  1086.515     1098.902     1218.965
212  TIM3e+I+G4    506.791      38  1089.582     1102.697     1225.611
213  TIM3e+R2      506.264      38  1088.527     1101.642     1224.557
214  TIM3e+R3      506.258      40  1092.515     1107.158     1235.704
222  TIM3+F        498.306      39  1074.613     1088.480     1214.222
223  TIM3+F+I      498.306      40  1076.613     1091.256     1219.802
224  TIM3+F+G4     498.307      40  1076.614     1091.257     1219.803
225  TIM3+F+I+G4   498.770      41  1079.541     1094.985     1226.310
226  TIM3+F+R2     498.311      41  1078.621     1094.065     1225.390
227  TIM3+F+R3     498.306      43  1082.613     1099.735     1236.541
235  TVMe          502.016      37  1078.033     1090.420     1210.483
236  TVMe+I        501.957      38  1079.914     1093.029     1215.944
237  TVMe+G4       501.940      38  1079.879     1092.995     1215.909
238  TVMe+I+G4     502.517      39  1083.035     1096.901     1222.644
239  TVMe+R2       501.928      39  1081.857     1095.724     1221.466
240  TVMe+R3       501.919      41  1085.838     1101.282     1232.607
248  TVM+F         494.776      40  1069.551     1084.194     1212.740
249  TVM+F+I       494.764      41  1071.527     1086.971     1218.296
250  TVM+F+G4      494.764      41  1071.528     1086.972     1218.297
251  TVM+F+I+G4    495.313      42  1074.627     1090.897     1224.975
252  TVM+F+R2      494.766      42  1073.533     1089.803     1223.881
253  TVM+F+R3      494.764      44  1077.527     1095.527     1235.035
261  SYM           501.935      38  1079.870     1092.985     1215.899
262  SYM+I         501.914      39  1081.828     1095.695     1221.438
263  SYM+G4        501.911      39  1081.821     1095.688     1221.431
264  SYM+I+G4      502.486      40  1084.973     1099.615     1228.162
265  SYM+R2        501.908      40  1083.815     1098.458     1227.004
266  SYM+R3        501.904      42  1087.809     1104.079     1238.157
274  GTR+F         494.639      41  1071.279     1086.723     1218.047
275  GTR+F+I       494.639      42  1073.278     1089.549     1223.627
276  GTR+F+G4      494.640      42  1073.280     1089.550     1223.628
277  GTR+F+I+G4    495.176      43  1076.352     1093.474     1230.280
278  GTR+F+R2      494.641      43  1075.282     1092.404     1229.210
279  GTR+F+R3      494.639      45  1079.279     1098.183     1240.367
Akaike Information Criterion:           TPM2u+F
Corrected Akaike Information Criterion: TPM2u+F
Bayesian Information Criterion:         TPM2u+F
Best-fit model: TPM2u+F chosen according to BIC

All model information printed to /home/estrand/ITS2/SymPortal_framework/outputs/analyses/3/2020-04-01_12-26-53.145538/between_profile_distances/C/clade_C_seqs.aligned.fasta.model.gz
CPU time for ModelFinder: 308.215 seconds (0h:5m:8s)
Wall-clock time for ModelFinder: 201.005 seconds (0h:3m:21s)

NOTE: 0 MB RAM (0 GB) is required!
Measuring multi-threading efficiency up to 80 CPU cores
Increase to 10 rounds for branch lengths
96713 trees examined
Threads: 1 / Time: 80.000 sec / Speedup: 1.000 / Efficiency: 100% / LogL: -652
Threads: 2 / Time: 125.508 sec / Speedup: 0.637 / Efficiency: 32% / LogL: -652
BEST NUMBER OF THREADS: 1

Estimate model parameters (epsilon = 0.100)
1. Initial log-likelihood: -502.607
2. Current log-likelihood: -497.105
3. Current log-likelihood: -496.327
4. Current log-likelihood: -495.674
5. Current log-likelihood: -495.029
Optimal log-likelihood: -495.029
Rate parameters:  A-C: 0.00010  A-G: 2.07102  A-T: 0.00010  C-G: 1.00000  C-T: 2.07102  G-T: 1.00000
Base frequencies:  A: 0.166  C: 0.248  G: 0.241  T: 0.345
Parameters optimization took 5 rounds (0.003 sec)
Computing ML distances based on estimated model parameters... 0.000 sec
Computing BIONJ tree...
0.000 seconds
Log-likelihood of BIONJ tree: -495.027
--------------------------------------------------------------------
|             INITIALIZING CANDIDATE TREE SET                      |
--------------------------------------------------------------------
Generating 98 parsimony trees... 0.033 second
Computing log-likelihood of 98 initial trees ... 0.050 seconds
Current best score: -495.027

Do NNI search on 20 best initial trees
Estimate model parameters (epsilon = 0.100)
BETTER TREE FOUND at iteration 1: -495.027
Iteration 10 / LogL: -495.028 / Time: 0h:3m:25s
Iteration 20 / LogL: -495.028 / Time: 0h:3m:25s
Finish initializing candidate tree set (20)
Current best tree score: -495.027 / CPU time: 0.112
Number of iterations: 20
--------------------------------------------------------------------
|               OPTIMIZING CANDIDATE TREE SET                      |
--------------------------------------------------------------------
Iteration 30 / LogL: -495.027 / Time: 0h:3m:25s (0h:8m:23s left)
BETTER TREE FOUND at iteration 35: -495.027
BETTER TREE FOUND at iteration 37: -495.027
Iteration 40 / LogL: -495.027 / Time: 0h:3m:25s (0h:8m:31s left)
BETTER TREE FOUND at iteration 42: -495.027
Iteration 50 / LogL: -495.027 / Time: 0h:3m:25s (0h:6m:26s left)
Iteration 60 / LogL: -500.688 / Time: 0h:3m:25s (0h:4m:45s left)
Iteration 70 / LogL: -495.027 / Time: 0h:3m:25s (0h:3m:34s left)
BETTER TREE FOUND at iteration 79: -495.027
Iteration 80 / LogL: -495.027 / Time: 0h:3m:25s (0h:4m:17s left)
Iteration 90 / LogL: -495.027 / Time: 0h:3m:25s (0h:3m:25s left)
BETTER TREE FOUND at iteration 99: -495.027
Iteration 100 / LogL: -495.027 / Time: 0h:3m:25s (0h:3m:25s left)
UPDATE BEST LOG-LIKELIHOOD: -495.027
Iteration 110 / LogL: -495.027 / Time: 0h:3m:25s (0h:2m:48s left)
BETTER TREE FOUND at iteration 111: -495.027
Iteration 120 / LogL: -495.027 / Time: 0h:3m:25s (0h:2m:37s left)
BETTER TREE FOUND at iteration 129: -495.027
Iteration 130 / LogL: -495.027 / Time: 0h:3m:25s (0h:2m:38s left)
Iteration 140 / LogL: -495.027 / Time: 0h:3m:25s (0h:2m:11s left)
UPDATE BEST LOG-LIKELIHOOD: -495.027
Iteration 150 / LogL: -495.027 / Time: 0h:3m:25s (0h:1m:49s left)
Iteration 160 / LogL: -495.027 / Time: 0h:3m:25s (0h:1m:29s left)
Iteration 170 / LogL: -495.027 / Time: 0h:3m:26s (0h:1m:11s left)
Iteration 180 / LogL: -495.027 / Time: 0h:3m:26s (0h:0m:56s left)
UPDATE BEST LOG-LIKELIHOOD: -495.027
Iteration 190 / LogL: -495.027 / Time: 0h:3m:26s (0h:0m:42s left)
Iteration 200 / LogL: -500.630 / Time: 0h:3m:26s (0h:0m:30s left)
Iteration 210 / LogL: -495.027 / Time: 0h:3m:26s (0h:0m:18s left)
Iteration 220 / LogL: -495.027 / Time: 0h:3m:26s (0h:0m:8s left)
Iteration 230 / LogL: -495.027 / Time: 0h:3m:26s (0h:0m:-1s left)
TREE SEARCH COMPLETED AFTER 230 ITERATIONS / Time: 0h:3m:26s

--------------------------------------------------------------------
|                    FINALIZING TREE SEARCH                        |
--------------------------------------------------------------------
Performs final model parameters optimization
Estimate model parameters (epsilon = 0.010)
1. Initial log-likelihood: -495.027
Optimal log-likelihood: -495.027
Rate parameters:  A-C: 0.00010  A-G: 2.07102  A-T: 0.00010  C-G: 1.00000  C-T: 2.07102  G-T: 1.00000
Base frequencies:  A: 0.166  C: 0.248  G: 0.241  T: 0.345
Parameters optimization took 1 rounds (0.001 sec)
BEST SCORE FOUND : -495.027
Total tree length: 0.077

Total number of iterations: 230
CPU time used for tree search: 0.499 sec (0h:0m:0s)
Wall-clock time used for tree search: 0.624 sec (0h:0m:0s)
Total CPU time used: 292.184 sec (0h:4m:52s)
Total wall-clock time used: 206.165 sec (0h:3m:26s)

Analysis results written to: 
  IQ-TREE report:                /home/estrand/ITS2/SymPortal_framework/outputs/analyses/3/2020-04-01_12-26-53.145538/between_profile_distances/C/clade_C_seqs.aligned.fasta.iqtree
  Maximum-likelihood tree:       /home/estrand/ITS2/SymPortal_framework/outputs/analyses/3/2020-04-01_12-26-53.145538/between_profile_distances/C/clade_C_seqs.aligned.fasta.treefile
  Likelihood distances:          /home/estrand/ITS2/SymPortal_framework/outputs/analyses/3/2020-04-01_12-26-53.145538/between_profile_distances/C/clade_C_seqs.aligned.fasta.mldist
  Screen log file:               /home/estrand/ITS2/SymPortal_framework/outputs/analyses/3/2020-04-01_12-26-53.145538/between_profile_distances/C/clade_C_seqs.aligned.fasta.log

Date and Time: Wed Apr  1 12:36:44 2020
