IQ-TREE multicore version 1.6.12 for Linux 64-bit built Mar 16 2020
Developed by Bui Quang Minh, Nguyen Lam Tung, Olga Chernomor,
Heiko Schmidt, Dominik Schrempf, Michael Woodhams.

Host:    KITT.uri.edu (AVX2, FMA3, 503 GB RAM)
Command: iqtree -nt AUTO -s /home/estrand/ITS2/SymPortal_framework/outputs/analyses/2/2020-03-30_18-38-09.663871/between_sample_distances/C/clade_C_seqs.aligned.fasta
Seed:    280059 (Using SPRNG - Scalable Parallel Random Number Generator)
Time:    Mon Mar 30 18:44:54 2020
Kernel:  AVX+FMA - auto-detect threads (80 CPU cores detected)

Reading alignment file /home/estrand/ITS2/SymPortal_framework/outputs/analyses/2/2020-03-30_18-38-09.663871/between_sample_distances/C/clade_C_seqs.aligned.fasta ... Fasta format detected
Alignment most likely contains DNA/RNA sequences
Alignment has 60 sequences with 285 columns, 68 distinct patterns
12 parsimony-informative, 18 singleton sites, 255 constant sites
      Gap/Ambiguity  Composition  p-value
   1  1       7.72%    passed     96.90%
   2  1156   10.18%    passed     98.78%
   3  1158    9.47%    passed     99.87%
   4  8       8.07%    passed     98.11%
   5  1402    7.72%    passed     92.70%
   6  15      7.72%    passed     98.24%
   7  1422    7.72%    passed     95.06%
   8  1424    7.72%    passed     90.13%
   9  18     10.18%    passed     99.75%
  10  23      8.07%    passed     98.39%
  11  24      7.37%    passed     93.59%
  12  26      7.37%    passed     88.38%
  13  814     7.72%    passed     97.22%
  14  1839    9.47%    passed     94.88%
  15  1840    7.37%    passed     98.92%
  16  1841    8.42%    passed     99.47%
  17  1842    8.07%    passed     99.74%
  18  1843    8.77%    passed     93.62%
  19  1076    7.72%    passed     91.96%
  20  1844    8.77%    passed     99.91%
  21  1845    8.77%    passed     89.27%
  22  1846   10.18%    passed     99.55%
  23  568    10.18%    passed     99.97%
  24  1847    9.47%    passed     97.40%
  25  1848   13.68%    passed     99.97%
  26  1849   10.18%    passed     99.84%
  27  316     9.47%    passed     99.05%
  28  1850    9.47%    passed     99.07%
  29  1851    8.77%    passed     96.45%
  30  1852    9.47%    passed     99.69%
  31  1853    9.47%    passed     99.69%
  32  1854    8.77%    passed     97.83%
  33  1855    8.77%    passed     97.83%
  34  1856   12.63%    passed     96.90%
  35  1857   10.18%    passed     99.91%
  36  1858   10.88%    passed     99.79%
  37  1859    9.47%    passed     99.63%
  38  1860   10.18%    passed     98.86%
  39  1861    8.77%    passed     99.55%
  40  329     7.72%    passed     95.12%
  41  841    10.18%    passed     98.78%
  42  1862    8.77%    passed     96.91%
  43  332     7.72%    passed     92.01%
  44  1863    7.02%    passed     99.01%
  45  1864    9.47%    passed     98.11%
  46  1865   10.18%    passed     98.77%
  47  848     8.77%    passed     99.12%
  48  1866    9.47%    passed     99.81%
  49  1867    8.77%    passed     99.01%
  50  1872    8.77%    passed     96.91%
  51  1873    8.42%    passed     99.57%
  52  853     9.12%    passed     99.99%
  53  854     9.12%    passed     99.66%
  54  1365    7.72%    passed     95.12%
  55  1874    9.12%    passed     95.83%
  56  1875   10.18%    passed     99.34%
  57  1876   10.18%    passed     99.97%
  58  1143    8.77%    passed     99.38%
  59  1144   10.18%    passed     99.26%
  60  1146    9.47%    passed     99.07%
****  TOTAL    9.06%  0 sequences failed composition chi2 test (p-value<5%; df=3)


Create initial parsimony tree by phylogenetic likelihood library (PLL)... 0.001 seconds
NOTE: ModelFinder requires 1 MB RAM!
ModelFinder will test 286 DNA models (sample size: 285) ...
 No. Model         -LnL         df  AIC          AICc         BIC
Measuring multi-threading efficiency up to 80 CPU cores
Increase to 10 rounds for branch lengths
22240 trees examined
Threads: 1 / Time: 80.000 sec / Speedup: 1.000 / Efficiency: 100% / LogL: -1277
Threads: 2 / Time: 102.100 sec / Speedup: 0.784 / Efficiency: 39% / LogL: -1277
BEST NUMBER OF THREADS: 1

  1  JC            738.440      117 1710.881     1876.222     2138.222
  2  JC+I          720.218      118 1676.435     1845.616     2107.429
  3  JC+G4         721.371      118 1678.742     1847.923     2109.736
  4  JC+I+G4       719.297      119 1676.594     1849.685     2111.240
  5  JC+R2         717.075      119 1672.149     1845.240     2106.795
  6  JC+R3         717.045      121 1676.090     1857.219     2118.041
 14  F81+F         726.040      120 1692.079     1869.152     2130.378
 15  F81+F+I       707.551      121 1657.103     1838.232     2099.054
 16  F81+F+G4      708.764      121 1659.528     1840.657     2101.479
 17  F81+F+I+G4    706.541      122 1657.083     1842.342     2102.686
 18  F81+F+R2      703.920      122 1651.840     1837.099     2097.443
 19  F81+F+R3      703.897      124 1655.794     1849.544     2108.703
 27  K2P           728.700      118 1693.400     1862.581     2124.394
 28  K2P+I         710.453      119 1658.905     1831.996     2093.551
 29  K2P+G4        711.614      119 1661.227     1834.318     2095.873
 30  K2P+I+G4      709.516      120 1659.032     1836.106     2097.331
 31  K2P+R2        707.321      120 1654.641     1831.714     2092.940
 32  K2P+R3        707.320      122 1658.640     1843.899     2104.244
 40  HKY+F         716.994      121 1675.988     1857.117     2117.939
 41  HKY+F+I       698.542      122 1641.085     1826.344     2086.689
 42  HKY+F+G4      699.728      122 1643.456     1828.715     2089.059
 43  HKY+F+I+G4    697.584      123 1641.168     1830.634     2090.424
 44  HKY+F+R2      695.473      123 1636.945     1826.411     2086.202
 45  HKY+F+R3      695.472      125 1640.945     1839.058     2097.506
 53  TNe           727.484      119 1692.967     1866.058     2127.614
 54  TNe+I         709.229      120 1658.458     1835.531     2096.757
 55  TNe+G4        710.300      120 1660.601     1837.674     2098.899
 56  TNe+I+G4      708.399      121 1658.798     1839.926     2100.749
 57  TNe+R2        706.945      121 1655.891     1837.019     2097.842
 58  TNe+R3        706.943      123 1659.886     1849.352     2109.143
 66  TN+F          716.847      122 1677.693     1862.952     2123.297
 67  TN+F+I        698.480      123 1642.959     1832.425     2092.216
 68  TN+F+G4       699.621      123 1645.242     1834.708     2094.498
 69  TN+F+I+G4     697.506      124 1643.013     1836.763     2095.921
 70  TN+F+R2       695.473      124 1638.945     1832.695     2091.854
 71  TN+F+R3       695.471      126 1642.941     1845.498     2103.155
 79  K3P           727.549      119 1693.097     1866.188     2127.743
 80  K3P+I         709.304      120 1658.608     1835.681     2096.906
 81  K3P+G4        710.464      120 1660.928     1838.002     2099.227
 82  K3P+I+G4      708.334      121 1658.668     1839.797     2100.619
 83  K3P+R2        706.223      121 1654.445     1835.574     2096.397
 84  K3P+R3        706.222      123 1658.444     1847.910     2107.701
 92  K3Pu+F        716.002      122 1676.005     1861.264     2121.609
 93  K3Pu+F+I      697.653      123 1641.305     1830.771     2090.561
 94  K3Pu+F+G4     698.818      123 1643.636     1833.101     2092.892
 95  K3Pu+F+I+G4   696.660      124 1641.321     1835.071     2094.230
 96  K3Pu+F+R2     694.614      124 1637.229     1830.979     2090.137
 97  K3Pu+F+R3     694.613      126 1641.226     1843.783     2101.439
105  TPM2+F        711.862      122 1667.724     1852.984     2113.328
106  TPM2+F+I      694.638      123 1635.276     1824.742     2084.533
107  TPM2+F+G4     695.467      123 1636.934     1826.399     2086.190
108  TPM2+F+I+G4   693.355      124 1634.710     1828.460     2087.618
109  TPM2+F+R2     690.379      124 1628.758     1822.508     2081.667
110  TPM2+F+R3     690.374      126 1632.747     1835.304     2092.961
118  TPM2u+F       711.860      122 1667.720     1852.979     2113.324
119  TPM2u+F+I     694.635      123 1635.271     1824.736     2084.527
120  TPM2u+F+G4    695.465      123 1636.930     1826.395     2086.186
121  TPM2u+F+I+G4  693.340      124 1634.681     1828.431     2087.590
122  TPM2u+F+R2    690.367      124 1628.734     1822.484     2081.643
123  TPM2u+F+R3    690.364      126 1632.729     1835.285     2092.942
131  TPM3+F        716.925      122 1677.851     1863.110     2123.454
132  TPM3+F+I      698.442      123 1642.883     1832.349     2092.139
133  TPM3+F+G4     699.647      123 1645.294     1834.760     2094.550
134  TPM3+F+I+G4   697.447      124 1642.894     1836.644     2095.803
135  TPM3+F+R2     695.474      124 1638.948     1832.698     2091.856
136  TPM3+F+R3     695.472      126 1642.944     1845.501     2103.157
144  TPM3u+F       716.928      122 1677.855     1863.114     2123.459
145  TPM3u+F+I     698.444      123 1642.888     1832.354     2092.144
146  TPM3u+F+G4    699.649      123 1645.298     1834.764     2094.554
147  TPM3u+F+I+G4  697.439      124 1642.878     1836.628     2095.786
148  TPM3u+F+R2    695.473      124 1638.947     1832.697     2091.855
149  TPM3u+F+R3    695.471      126 1642.942     1845.499     2103.155
157  TIMe          726.331      120 1692.662     1869.735     2130.961
158  TIMe+I        708.080      121 1658.161     1839.289     2100.112
159  TIMe+G4       709.151      121 1660.301     1841.430     2102.252
160  TIMe+I+G4     707.190      122 1658.380     1843.639     2103.984
161  TIMe+R2       705.836      122 1655.672     1840.931     2101.276
162  TIMe+R3       705.833      124 1659.666     1853.416     2112.574
170  TIM+F         715.854      123 1677.708     1867.174     2126.964
171  TIM+F+I       697.586      124 1643.172     1836.922     2096.081
172  TIM+F+G4      698.707      124 1645.414     1839.164     2098.323
173  TIM+F+I+G4    696.544      125 1643.088     1841.201     2099.649
174  TIM+F+R2      694.613      125 1639.225     1837.338     2095.786
175  TIM+F+R3      694.610      127 1643.221     1850.303     2107.087
183  TIM2e         721.078      120 1682.155     1859.229     2120.454
184  TIM2e+I       703.756      121 1649.512     1830.641     2091.463
185  TIM2e+G4      704.547      121 1651.093     1832.222     2093.044
186  TIM2e+I+G4    702.606      122 1649.213     1834.472     2094.816
187  TIM2e+R2      700.365      122 1644.730     1829.990     2090.334
188  TIM2e+R3      700.364      124 1648.727     1842.477     2101.636
196  TIM2+F        711.714      123 1669.427     1858.893     2118.683
197  TIM2+F+I      694.520      124 1637.040     1830.790     2089.949
198  TIM2+F+G4     695.312      124 1638.623     1832.373     2091.532
199  TIM2+F+I+G4   693.200      125 1636.399     1834.513     2092.961
200  TIM2+F+R2     690.353      125 1630.706     1828.819     2087.267
201  TIM2+F+R3     690.348      127 1634.697     1841.779     2098.563
209  TIM3e         727.289      120 1694.578     1871.651     2132.876
210  TIM3e+I       708.880      121 1659.761     1840.890     2101.712
211  TIM3e+G4      709.988      121 1661.975     1843.104     2103.926
212  TIM3e+I+G4    708.039      122 1660.079     1845.338     2105.682
213  TIM3e+R2      706.880      122 1657.760     1843.019     2103.364
214  TIM3e+R3      706.871      124 1661.743     1855.493     2114.652
222  TIM3+F        716.786      123 1679.571     1869.037     2128.827
223  TIM3+F+I      698.388      124 1644.776     1838.526     2097.685
224  TIM3+F+G4     699.548      124 1647.097     1840.847     2100.005
225  TIM3+F+I+G4   697.340      125 1644.680     1842.793     2101.241
226  TIM3+F+R2     695.478      125 1640.955     1839.069     2097.516
227  TIM3+F+R3     695.475      127 1644.951     1852.034     2108.817
235  TVMe          721.092      121 1684.183     1865.312     2126.135
236  TVMe+I        703.698      122 1651.397     1836.656     2097.000
237  TVMe+G4       704.560      122 1653.119     1838.378     2098.723
238  TVMe+I+G4     702.319      123 1650.638     1840.104     2099.895
239  TVMe+R2       699.563      123 1645.126     1834.592     2094.383
240  TVMe+R3       699.557      125 1649.114     1847.227     2105.675
248  TVM+F         710.785      124 1669.569     1863.319     2122.478
249  TVM+F+I       693.585      125 1637.171     1835.284     2093.732
250  TVM+F+G4      694.408      125 1638.816     1836.929     2095.377
251  TVM+F+I+G4    692.213      126 1636.425     1838.982     2096.639
252  TVM+F+R2      689.434      126 1630.867     1833.424     2091.081
253  TVM+F+R3      689.401      128 1634.802     1846.494     2102.321
261  SYM           719.886      122 1683.773     1869.032     2129.377
262  SYM+I         702.420      123 1650.841     1840.307     2100.097
263  SYM+G4        703.231      123 1652.461     1841.927     2101.717
264  SYM+I+G4      701.304      124 1650.607     1844.357     2103.516
265  SYM+R2        699.349      124 1646.698     1840.448     2099.607
266  SYM+R3        699.323      126 1650.647     1853.204     2110.860
274  GTR+F         710.705      125 1671.410     1869.523     2127.971
275  GTR+F+I       693.461      126 1638.922     1841.479     2099.135
276  GTR+F+G4      694.246      126 1640.491     1843.048     2100.705
277  GTR+F+I+G4    692.115      127 1638.229     1845.312     2102.096
278  GTR+F+R2      689.388      127 1632.777     1839.859     2096.643
279  GTR+F+R3      689.384      129 1636.769     1853.156     2107.940
Akaike Information Criterion:           TPM2u+F+R2
Corrected Akaike Information Criterion: TPM2u+F+R2
Bayesian Information Criterion:         TPM2u+F+R2
Best-fit model: TPM2u+F+R2 chosen according to BIC

All model information printed to /home/estrand/ITS2/SymPortal_framework/outputs/analyses/2/2020-03-30_18-38-09.663871/between_sample_distances/C/clade_C_seqs.aligned.fasta.model.gz
CPU time for ModelFinder: 348.182 seconds (0h:5m:48s)
Wall-clock time for ModelFinder: 184.670 seconds (0h:3m:4s)

NOTE: 0 MB RAM (0 GB) is required!
Measuring multi-threading efficiency up to 80 CPU cores
Increase to 10 rounds for branch lengths
16809 trees examined
Threads: 1 / Time: 80.005 sec / Speedup: 1.000 / Efficiency: 100% / LogL: -1167
Threads: 2 / Time: 95.180 sec / Speedup: 0.841 / Efficiency: 42% / LogL: -1167
BEST NUMBER OF THREADS: 1

Estimate model parameters (epsilon = 0.100)
1. Initial log-likelihood: -719.651
2. Current log-likelihood: -712.332
3. Current log-likelihood: -709.740
4. Current log-likelihood: -702.930
5. Current log-likelihood: -701.857
6. Current log-likelihood: -700.802
7. Current log-likelihood: -699.660
8. Current log-likelihood: -698.406
9. Current log-likelihood: -697.073
10. Current log-likelihood: -695.725
11. Current log-likelihood: -694.504
12. Current log-likelihood: -693.488
13. Current log-likelihood: -692.705
14. Current log-likelihood: -692.124
15. Current log-likelihood: -691.654
16. Current log-likelihood: -691.223
17. Current log-likelihood: -690.856
18. Current log-likelihood: -690.599
19. Current log-likelihood: -690.454
Optimal log-likelihood: -690.384
Rate parameters:  A-C: 0.08335  A-G: 2.11303  A-T: 0.08335  C-G: 1.00000  C-T: 2.11303  G-T: 1.00000
Base frequencies:  A: 0.166  C: 0.250  G: 0.237  T: 0.347
Site proportion and rates:  (0.955,0.428) (0.045,13.084)
Parameters optimization took 19 rounds (0.112 sec)
Computing ML distances based on estimated model parameters... 0.007 sec
Computing BIONJ tree...
0.002 seconds
Log-likelihood of BIONJ tree: -694.522
--------------------------------------------------------------------
|             INITIALIZING CANDIDATE TREE SET                      |
--------------------------------------------------------------------
Generating 98 parsimony trees... 0.173 second
Computing log-likelihood of 98 initial trees ... 0.269 seconds
Current best score: -684.909

Do NNI search on 20 best initial trees
Estimate model parameters (epsilon = 0.100)
BETTER TREE FOUND at iteration 1: -684.786
Iteration 10 / LogL: -686.168 / Time: 0h:2m:55s
Iteration 20 / LogL: -687.125 / Time: 0h:2m:56s
Finish initializing candidate tree set (20)
Current best tree score: -684.786 / CPU time: 0.757
Number of iterations: 20
--------------------------------------------------------------------
|               OPTIMIZING CANDIDATE TREE SET                      |
--------------------------------------------------------------------
Estimate model parameters (epsilon = 0.100)
BETTER TREE FOUND at iteration 21: -684.770
Estimate model parameters (epsilon = 0.100)
BETTER TREE FOUND at iteration 28: -684.511
BETTER TREE FOUND at iteration 30: -684.510
Iteration 30 / LogL: -684.510 / Time: 0h:2m:56s (0h:10m:7s left)
Estimate model parameters (epsilon = 0.100)
BETTER TREE FOUND at iteration 32: -684.436
BETTER TREE FOUND at iteration 35: -684.436
Iteration 40 / LogL: -685.008 / Time: 0h:2m:56s (0h:7m:9s left)
BETTER TREE FOUND at iteration 42: -684.436
Estimate model parameters (epsilon = 0.100)
BETTER TREE FOUND at iteration 43: -684.256
Estimate model parameters (epsilon = 0.100)
BETTER TREE FOUND at iteration 48: -684.037
Estimate model parameters (epsilon = 0.100)
BETTER TREE FOUND at iteration 49: -683.663
Iteration 50 / LogL: -684.923 / Time: 0h:2m:56s (0h:5m:57s left)
Estimate model parameters (epsilon = 0.100)
BETTER TREE FOUND at iteration 60: -683.639
Iteration 60 / LogL: -683.639 / Time: 0h:2m:56s (0h:4m:59s left)
Iteration 70 / LogL: -687.968 / Time: 0h:2m:57s (0h:3m:51s left)
Iteration 80 / LogL: -684.266 / Time: 0h:2m:57s (0h:2m:59s left)
BETTER TREE FOUND at iteration 84: -683.639
BETTER TREE FOUND at iteration 88: -683.638
Iteration 90 / LogL: -683.640 / Time: 0h:2m:57s (0h:3m:15s left)
Iteration 100 / LogL: -683.639 / Time: 0h:2m:57s (0h:2m:38s left)
BETTER TREE FOUND at iteration 107: -683.638
Iteration 110 / LogL: -684.283 / Time: 0h:2m:57s (0h:2m:38s left)
BETTER TREE FOUND at iteration 118: -683.638
Iteration 120 / LogL: -685.451 / Time: 0h:2m:58s (0h:2m:26s left)
Iteration 130 / LogL: -686.284 / Time: 0h:2m:58s (0h:2m:1s left)
Iteration 140 / LogL: -683.837 / Time: 0h:2m:58s (0h:1m:40s left)
Iteration 150 / LogL: -683.837 / Time: 0h:2m:58s (0h:1m:21s left)
Iteration 160 / LogL: -683.640 / Time: 0h:2m:59s (0h:1m:5s left)
BETTER TREE FOUND at iteration 162: -683.638
Iteration 170 / LogL: -683.638 / Time: 0h:2m:59s (0h:1m:37s left)
Iteration 180 / LogL: -683.638 / Time: 0h:2m:59s (0h:1m:22s left)
Iteration 190 / LogL: -683.639 / Time: 0h:2m:59s (0h:1m:8s left)
Iteration 200 / LogL: -684.037 / Time: 0h:2m:59s (0h:0m:56s left)
Iteration 210 / LogL: -685.992 / Time: 0h:3m:0s (0h:0m:44s left)
BETTER TREE FOUND at iteration 220: -683.637
Iteration 220 / LogL: -683.637 / Time: 0h:3m:0s (0h:1m:22s left)
Iteration 230 / LogL: -687.647 / Time: 0h:3m:0s (0h:1m:10s left)
Iteration 240 / LogL: -683.637 / Time: 0h:3m:0s (0h:1m:0s left)
Iteration 250 / LogL: -683.638 / Time: 0h:3m:0s (0h:0m:50s left)
Iteration 260 / LogL: -683.638 / Time: 0h:3m:1s (0h:0m:41s left)
BETTER TREE FOUND at iteration 268: -683.637
Iteration 270 / LogL: -683.661 / Time: 0h:3m:1s (0h:1m:6s left)
Iteration 280 / LogL: -683.637 / Time: 0h:3m:1s (0h:0m:57s left)
Iteration 290 / LogL: -684.014 / Time: 0h:3m:1s (0h:0m:49s left)
Iteration 300 / LogL: -683.638 / Time: 0h:3m:1s (0h:0m:41s left)
Iteration 310 / LogL: -683.638 / Time: 0h:3m:2s (0h:0m:34s left)
Iteration 320 / LogL: -683.638 / Time: 0h:3m:2s (0h:0m:27s left)
Iteration 330 / LogL: -683.661 / Time: 0h:3m:2s (0h:0m:21s left)
Iteration 340 / LogL: -684.805 / Time: 0h:3m:2s (0h:0m:15s left)
Iteration 350 / LogL: -684.459 / Time: 0h:3m:3s (0h:0m:9s left)
BETTER TREE FOUND at iteration 351: -683.637
Iteration 360 / LogL: -683.637 / Time: 0h:3m:3s (0h:0m:46s left)
BETTER TREE FOUND at iteration 369: -683.637
Iteration 370 / LogL: -688.757 / Time: 0h:3m:3s (0h:0m:49s left)
Iteration 380 / LogL: -683.638 / Time: 0h:3m:3s (0h:0m:43s left)
Iteration 390 / LogL: -683.637 / Time: 0h:3m:3s (0h:0m:37s left)
Iteration 400 / LogL: -684.240 / Time: 0h:3m:4s (0h:0m:31s left)
Iteration 410 / LogL: -683.661 / Time: 0h:3m:4s (0h:0m:26s left)
Iteration 420 / LogL: -683.637 / Time: 0h:3m:4s (0h:0m:21s left)
BETTER TREE FOUND at iteration 421: -683.637
BETTER TREE FOUND at iteration 430: -683.636
Iteration 430 / LogL: -683.636 / Time: 0h:3m:4s (0h:0m:43s left)
Iteration 440 / LogL: -684.013 / Time: 0h:3m:4s (0h:0m:37s left)
Iteration 450 / LogL: -683.637 / Time: 0h:3m:5s (0h:0m:32s left)
Iteration 460 / LogL: -688.481 / Time: 0h:3m:5s (0h:0m:28s left)
BETTER TREE FOUND at iteration 468: -683.636
Iteration 470 / LogL: -688.727 / Time: 0h:3m:5s (0h:0m:38s left)
Iteration 480 / LogL: -683.637 / Time: 0h:3m:5s (0h:0m:34s left)
Iteration 490 / LogL: -683.636 / Time: 0h:3m:5s (0h:0m:29s left)
Iteration 500 / LogL: -683.987 / Time: 0h:3m:6s (0h:0m:25s left)
Iteration 510 / LogL: -684.012 / Time: 0h:3m:6s (0h:0m:21s left)
BETTER TREE FOUND at iteration 513: -683.636
Iteration 520 / LogL: -685.134 / Time: 0h:3m:6s (0h:0m:33s left)
Iteration 530 / LogL: -685.135 / Time: 0h:3m:6s (0h:0m:29s left)
Iteration 540 / LogL: -691.038 / Time: 0h:3m:6s (0h:0m:25s left)
Iteration 550 / LogL: -683.638 / Time: 0h:3m:7s (0h:0m:21s left)
Iteration 560 / LogL: -683.660 / Time: 0h:3m:7s (0h:0m:17s left)
Iteration 570 / LogL: -683.636 / Time: 0h:3m:7s (0h:0m:14s left)
Iteration 580 / LogL: -684.281 / Time: 0h:3m:7s (0h:0m:10s left)
Iteration 590 / LogL: -683.637 / Time: 0h:3m:8s (0h:0m:7s left)
BETTER TREE FOUND at iteration 598: -683.636
Iteration 600 / LogL: -684.281 / Time: 0h:3m:8s (0h:0m:30s left)
Iteration 610 / LogL: -683.637 / Time: 0h:3m:8s (0h:0m:27s left)
Iteration 620 / LogL: -684.282 / Time: 0h:3m:8s (0h:0m:23s left)
BETTER TREE FOUND at iteration 623: -683.636
Iteration 630 / LogL: -691.143 / Time: 0h:3m:8s (0h:0m:27s left)
Iteration 640 / LogL: -684.012 / Time: 0h:3m:9s (0h:0m:24s left)
Iteration 650 / LogL: -684.012 / Time: 0h:3m:9s (0h:0m:21s left)
Iteration 660 / LogL: -684.012 / Time: 0h:3m:9s (0h:0m:18s left)
Iteration 670 / LogL: -683.636 / Time: 0h:3m:9s (0h:0m:15s left)
Iteration 680 / LogL: -690.741 / Time: 0h:3m:9s (0h:0m:12s left)
Iteration 690 / LogL: -688.093 / Time: 0h:3m:10s (0h:0m:9s left)
Iteration 700 / LogL: -683.636 / Time: 0h:3m:10s (0h:0m:6s left)
Iteration 710 / LogL: -684.464 / Time: 0h:3m:10s (0h:0m:3s left)
Iteration 720 / LogL: -684.012 / Time: 0h:3m:10s (0h:0m:0s left)
TREE SEARCH COMPLETED AFTER 724 ITERATIONS / Time: 0h:3m:10s

--------------------------------------------------------------------
|                    FINALIZING TREE SEARCH                        |
--------------------------------------------------------------------
Performs final model parameters optimization
Estimate model parameters (epsilon = 0.010)
1. Initial log-likelihood: -683.636
Optimal log-likelihood: -683.636
Rate parameters:  A-C: 0.09340  A-G: 2.29661  A-T: 0.09340  C-G: 1.00000  C-T: 2.29661  G-T: 1.00000
Base frequencies:  A: 0.166  C: 0.250  G: 0.237  T: 0.347
Site proportion and rates:  (0.957,0.460) (0.043,12.970)
Parameters optimization took 1 rounds (0.005 sec)
BEST SCORE FOUND : -683.636
Total tree length: 0.182

Total number of iterations: 724
CPU time used for tree search: 13.437 sec (0h:0m:13s)
Wall-clock time used for tree search: 15.480 sec (0h:0m:15s)
Total CPU time used: 257.186 sec (0h:4m:17s)
Total wall-clock time used: 190.811 sec (0h:3m:10s)

Analysis results written to: 
  IQ-TREE report:                /home/estrand/ITS2/SymPortal_framework/outputs/analyses/2/2020-03-30_18-38-09.663871/between_sample_distances/C/clade_C_seqs.aligned.fasta.iqtree
  Maximum-likelihood tree:       /home/estrand/ITS2/SymPortal_framework/outputs/analyses/2/2020-03-30_18-38-09.663871/between_sample_distances/C/clade_C_seqs.aligned.fasta.treefile
  Likelihood distances:          /home/estrand/ITS2/SymPortal_framework/outputs/analyses/2/2020-03-30_18-38-09.663871/between_sample_distances/C/clade_C_seqs.aligned.fasta.mldist
  Screen log file:               /home/estrand/ITS2/SymPortal_framework/outputs/analyses/2/2020-03-30_18-38-09.663871/between_sample_distances/C/clade_C_seqs.aligned.fasta.log

Date and Time: Mon Mar 30 18:51:09 2020
